<?xml version="1.0" encoding="UTF-8"?>
<coverage generated="1670178192364" clover="3.2.0">
  <project timestamp="1670178192365" name="All files">
    <metrics statements="69" coveredstatements="69" conditionals="8" coveredconditionals="7" methods="26" coveredmethods="26" elements="103" coveredelements="102" complexity="0" loc="69" ncloc="69" packages="7" files="14" classes="14"/>
    <package name="src.api">
      <metrics statements="4" coveredstatements="4" conditionals="0" coveredconditionals="0" methods="1" coveredmethods="1"/>
      <file name="getJobs.js" path="C:\Users\Dudu\Desktop\Dev\Vue\Vue-Boris Paskhaver\job-search\src\api\getJobs.js">
        <metrics statements="4" coveredstatements="4" conditionals="0" coveredconditionals="0" methods="1" coveredmethods="1"/>
        <line num="3" count="2" type="stmt"/>
        <line num="4" count="2" type="stmt"/>
        <line num="5" count="2" type="stmt"/>
        <line num="6" count="2" type="stmt"/>
      </file>
    </package>
    <package name="src.components.Navigation">
      <metrics statements="2" coveredstatements="2" conditionals="0" coveredconditionals="0" methods="1" coveredmethods="1"/>
      <file name="ProfileImage.vue" path="C:\Users\Dudu\Desktop\Dev\Vue\Vue-Boris Paskhaver\job-search\src\components\Navigation\ProfileImage.vue">
        <metrics statements="2" coveredstatements="2" conditionals="0" coveredconditionals="0" methods="1" coveredmethods="1"/>
        <line num="6" count="2" type="stmt"/>
        <line num="9" count="1" type="stmt"/>
      </file>
    </package>
    <package name="src.components.Shared">
      <metrics statements="3" coveredstatements="3" conditionals="0" coveredconditionals="0" methods="1" coveredmethods="1"/>
      <file name="HeaderContainer.vue" path="C:\Users\Dudu\Desktop\Dev\Vue\Vue-Boris Paskhaver\job-search\src\components\Shared\HeaderContainer.vue">
        <metrics statements="1" coveredstatements="1" conditionals="0" coveredconditionals="0" methods="0" coveredmethods="0"/>
        <line num="11" count="1" type="stmt"/>
      </file>
      <file name="TextInput.vue" path="C:\Users\Dudu\Desktop\Dev\Vue\Vue-Boris Paskhaver\job-search\src\components\Shared\TextInput.vue">
        <metrics statements="2" coveredstatements="2" conditionals="0" coveredconditionals="0" methods="1" coveredmethods="1"/>
        <line num="12" count="2" type="stmt"/>
        <line num="28" count="5" type="stmt"/>
      </file>
    </package>
    <package name="src.composables">
      <metrics statements="15" coveredstatements="15" conditionals="6" coveredconditionals="6" methods="7" coveredmethods="7"/>
      <file name="useConfirmRoute.js" path="C:\Users\Dudu\Desktop\Dev\Vue\Vue-Boris Paskhaver\job-search\src\composables\useConfirmRoute.js">
        <metrics statements="3" coveredstatements="3" conditionals="0" coveredconditionals="0" methods="2" coveredmethods="2"/>
        <line num="4" count="3" type="stmt"/>
        <line num="5" count="1" type="stmt"/>
        <line num="6" count="1" type="stmt"/>
      </file>
      <file name="useCurrentPage.js" path="C:\Users\Dudu\Desktop\Dev\Vue\Vue-Boris Paskhaver\job-search\src\composables\useCurrentPage.js">
        <metrics statements="3" coveredstatements="3" conditionals="2" coveredconditionals="2" methods="2" coveredmethods="2"/>
        <line num="4" count="2" type="stmt"/>
        <line num="5" count="2" type="stmt"/>
        <line num="6" count="2" type="cond" truecount="2" falsecount="0"/>
      </file>
      <file name="usePreviousAndNextPages.js" path="C:\Users\Dudu\Desktop\Dev\Vue\Vue-Boris Paskhaver\job-search\src\composables\usePreviousAndNextPages.js">
        <metrics statements="9" coveredstatements="9" conditionals="4" coveredconditionals="4" methods="3" coveredmethods="3"/>
        <line num="3" count="2" type="stmt"/>
        <line num="4" count="4" type="stmt"/>
        <line num="5" count="2" type="stmt"/>
        <line num="6" count="2" type="stmt"/>
        <line num="7" count="2" type="cond" truecount="2" falsecount="0"/>
        <line num="10" count="4" type="stmt"/>
        <line num="11" count="2" type="stmt"/>
        <line num="12" count="2" type="cond" truecount="2" falsecount="0"/>
        <line num="15" count="4" type="stmt"/>
      </file>
    </package>
    <package name="src.store">
      <metrics statements="35" coveredstatements="35" conditionals="0" coveredconditionals="0" methods="13" coveredmethods="13"/>
      <file name="actions.js" path="C:\Users\Dudu\Desktop\Dev\Vue\Vue-Boris Paskhaver\job-search\src\store\actions.js">
        <metrics statements="3" coveredstatements="3" conditionals="0" coveredconditionals="0" methods="1" coveredmethods="1"/>
        <line num="4" count="1" type="stmt"/>
        <line num="6" count="2" type="stmt"/>
        <line num="7" count="2" type="stmt"/>
      </file>
      <file name="composables.js" path="C:\Users\Dudu\Desktop\Dev\Vue\Vue-Boris Paskhaver\job-search\src\store\composables.js">
        <metrics statements="12" coveredstatements="12" conditionals="0" coveredconditionals="0" methods="7" coveredmethods="7"/>
        <line num="12" count="4" type="stmt"/>
        <line num="13" count="1" type="stmt"/>
        <line num="14" count="1" type="stmt"/>
        <line num="17" count="4" type="stmt"/>
        <line num="18" count="1" type="stmt"/>
        <line num="19" count="1" type="stmt"/>
        <line num="22" count="4" type="stmt"/>
        <line num="23" count="1" type="stmt"/>
        <line num="24" count="1" type="stmt"/>
        <line num="28" count="4" type="stmt"/>
        <line num="29" count="1" type="stmt"/>
        <line num="30" count="1" type="stmt"/>
      </file>
      <file name="constants.ts" path="C:\Users\Dudu\Desktop\Dev\Vue\Vue-Boris Paskhaver\job-search\src\store\constants.ts">
        <metrics statements="10" coveredstatements="10" conditionals="0" coveredconditionals="0" methods="0" coveredmethods="0"/>
        <line num="2" count="6" type="stmt"/>
        <line num="5" count="6" type="stmt"/>
        <line num="6" count="6" type="stmt"/>
        <line num="7" count="6" type="stmt"/>
        <line num="10" count="6" type="stmt"/>
        <line num="11" count="6" type="stmt"/>
        <line num="12" count="6" type="stmt"/>
        <line num="15" count="6" type="stmt"/>
        <line num="16" count="6" type="stmt"/>
        <line num="17" count="6" type="stmt"/>
      </file>
      <file name="mutations.ts" path="C:\Users\Dudu\Desktop\Dev\Vue\Vue-Boris Paskhaver\job-search\src\store\mutations.ts">
        <metrics statements="7" coveredstatements="7" conditionals="0" coveredconditionals="0" methods="4" coveredmethods="4"/>
        <line num="1" count="1" type="stmt"/>
        <line num="11" count="1" type="stmt"/>
        <line num="13" count="1" type="stmt"/>
        <line num="16" count="1" type="stmt"/>
        <line num="19" count="1" type="stmt"/>
        <line num="22" count="1" type="stmt"/>
        <line num="26" count="1" type="stmt"/>
      </file>
      <file name="state.ts" path="C:\Users\Dudu\Desktop\Dev\Vue\Vue-Boris Paskhaver\job-search\src\store\state.ts">
        <metrics statements="3" coveredstatements="3" conditionals="0" coveredconditionals="0" methods="1" coveredmethods="1"/>
        <line num="3" count="2" type="stmt"/>
        <line num="4" count="8" type="stmt"/>
        <line num="12" count="2" type="stmt"/>
      </file>
    </package>
    <package name="src.utils">
      <metrics statements="5" coveredstatements="5" conditionals="0" coveredconditionals="0" methods="1" coveredmethods="1"/>
      <file name="nextElementInList.js" path="C:\Users\Dudu\Desktop\Dev\Vue\Vue-Boris Paskhaver\job-search\src\utils\nextElementInList.js">
        <metrics statements="5" coveredstatements="5" conditionals="0" coveredconditionals="0" methods="1" coveredmethods="1"/>
        <line num="1" count="2" type="stmt"/>
        <line num="2" count="5" type="stmt"/>
        <line num="3" count="5" type="stmt"/>
        <line num="4" count="5" type="stmt"/>
        <line num="5" count="5" type="stmt"/>
      </file>
    </package>
    <package name="tests.unit.store">
      <metrics statements="5" coveredstatements="5" conditionals="2" coveredconditionals="1" methods="2" coveredmethods="2"/>
      <file name="utils.ts" path="C:\Users\Dudu\Desktop\Dev\Vue\Vue-Boris Paskhaver\job-search\tests\unit\store\utils.ts">
        <metrics statements="5" coveredstatements="5" conditionals="2" coveredconditionals="1" methods="2" coveredmethods="2"/>
        <line num="1" count="1" type="stmt"/>
        <line num="5" count="1" type="cond" truecount="0" falsecount="1"/>
        <line num="6" count="4" type="stmt"/>
        <line num="7" count="4" type="stmt"/>
        <line num="10" count="2" type="cond" truecount="1" falsecount="0"/>
      </file>
    </package>
  </project>
</coverage>
