<?xml version="1.0" encoding="UTF-8"?>
<coverage generated="1665508983534" clover="3.2.0">
  <project timestamp="1665508983534" name="All files">
    <metrics statements="9" coveredstatements="2" conditionals="2" coveredconditionals="0" methods="2" coveredmethods="0" elements="13" coveredelements="2" complexity="0" loc="9" ncloc="9" packages="1" files="1" classes="1"/>
    <file name="playground.js" path="C:\Users\Dudu\Desktop\Dev\Vue\Vue-Boris Paskhaver\job-search\tests\unit\playground.js">
      <metrics statements="9" coveredstatements="2" conditionals="2" coveredconditionals="0" methods="2" coveredmethods="0"/>
      <line num="1" count="1" type="stmt"/>
      <line num="2" count="0" type="cond" truecount="0" falsecount="2"/>
      <line num="3" count="0" type="stmt"/>
      <line num="5" count="0" type="stmt"/>
      <line num="9" count="1" type="stmt"/>
      <line num="10" count="0" type="stmt"/>
      <line num="12" count="0" type="stmt"/>
      <line num="13" count="0" type="stmt"/>
      <line num="16" count="0" type="stmt"/>
    </file>
  </project>
</coverage>
