{"C:\\Users\\Dudu\\Desktop\\Dev\\Vue\\Vue-Boris Paskhaver\\job-search\\src\\api\\getJobs.js": {"path":"C:\\Users\\Dudu\\Desktop\\Dev\\Vue\\Vue-Boris Paskhaver\\job-search\\src\\api\\getJobs.js","statementMap":{"0":{"start":{"line":3,"column":16},"end":{"line":7,"column":1}},"1":{"start":{"line":4,"column":18},"end":{"line":4,"column":45}},"2":{"start":{"line":5,"column":19},"end":{"line":5,"column":53}},"3":{"start":{"line":6,"column":2},"end":{"line":6,"column":23}}},"fnMap":{"0":{"name":"(anonymous_0)","decl":{"start":{"line":3,"column":16},"end":{"line":3,"column":17}},"loc":{"start":{"line":3,"column":28},"end":{"line":7,"column":1}},"line":3}},"branchMap":{},"s":{"0":3,"1":2,"2":2,"3":2},"f":{"0":2},"b":{},"_coverageSchema":"1a1c01bbd47fc00a2c39e90264f33305004495a9","hash":"7001732e33a14d78c41fb72621ce63e5bb4f3904"}
,"C:\\Users\\Dudu\\Desktop\\Dev\\Vue\\Vue-Boris Paskhaver\\job-search\\src\\components\\JobResults\\JobListing.vue": {"path":"C:\\Users\\Dudu\\Desktop\\Dev\\Vue\\Vue-Boris Paskhaver\\job-search\\src\\components\\JobResults\\JobListing.vue","statementMap":{"0":{"start":{"line":64,"column":15},"end":{"line":64,"column":null}},"1":{"start":{"line":74,"column":3},"end":{"line":74,"column":11}}},"fnMap":{"0":{"name":"(anonymous_0)","decl":{"start":{"line":73,"column":2},"end":{"line":73,"column":13}},"loc":{"start":{"line":73,"column":16},"end":{"line":75,"column":null}}}},"branchMap":{},"s":{"0":2,"1":5},"f":{"0":5},"b":{}}
,"C:\\Users\\Dudu\\Desktop\\Dev\\Vue\\Vue-Boris Paskhaver\\job-search\\src\\components\\Navigation\\ProfileImage.vue": {"path":"C:\\Users\\Dudu\\Desktop\\Dev\\Vue\\Vue-Boris Paskhaver\\job-search\\src\\components\\Navigation\\ProfileImage.vue","statementMap":{"0":{"start":{"line":6,"column":15},"end":{"line":6,"column":null}},"1":{"start":{"line":9,"column":4},"end":{"line":9,"column":11}}},"fnMap":{"0":{"name":"(anonymous_0)","decl":{"start":{"line":8,"column":2},"end":{"line":8,"column":6}},"loc":{"start":{"line":8,"column":9},"end":{"line":13,"column":null}}}},"branchMap":{},"s":{"0":2,"1":1},"f":{"0":1},"b":{}}
,"C:\\Users\\Dudu\\Desktop\\Dev\\Vue\\Vue-Boris Paskhaver\\job-search\\src\\components\\Navigation\\Subnav.vue": {"path":"C:\\Users\\Dudu\\Desktop\\Dev\\Vue\\Vue-Boris Paskhaver\\job-search\\src\\components\\Navigation\\Subnav.vue","statementMap":{"0":{"start":{"line":13,"column":15},"end":{"line":13,"column":null}},"1":{"start":{"line":17,"column":6},"end":{"line":17,"column":13}}},"fnMap":{"0":{"name":"(anonymous_0)","decl":{"start":{"line":16,"column":4},"end":{"line":16,"column":20}},"loc":{"start":{"line":16,"column":23},"end":{"line":18,"column":null}}}},"branchMap":{},"s":{"0":2,"1":2},"f":{"0":2},"b":{}}
,"C:\\Users\\Dudu\\Desktop\\Dev\\Vue\\Vue-Boris Paskhaver\\job-search\\src\\components\\Shared\\Accordion.vue": {"path":"C:\\Users\\Dudu\\Desktop\\Dev\\Vue\\Vue-Boris Paskhaver\\job-search\\src\\components\\Shared\\Accordion.vue","statementMap":{"0":{"start":{"line":20,"column":15},"end":{"line":20,"column":null}},"1":{"start":{"line":29,"column":2},"end":{"line":29,"column":9}},"2":{"start":{"line":35,"column":3},"end":{"line":35,"column":10}},"3":{"start":{"line":40,"column":3},"end":{"line":40,"column":8}}},"fnMap":{"0":{"name":"(anonymous_0)","decl":{"start":{"line":28,"column":1},"end":{"line":28,"column":5}},"loc":{"start":{"line":28,"column":8},"end":{"line":32,"column":null}}},"1":{"name":"(anonymous_1)","decl":{"start":{"line":34,"column":2},"end":{"line":34,"column":11}},"loc":{"start":{"line":34,"column":14},"end":{"line":36,"column":null}}},"2":{"name":"(anonymous_2)","decl":{"start":{"line":39,"column":2},"end":{"line":39,"column":6}},"loc":{"start":{"line":39,"column":9},"end":{"line":41,"column":null}}}},"branchMap":{"0":{"loc":{"start":{"line":35,"column":10},"end":{"line":35,"column":47}},"type":"cond-expr","locations":[{"start":{"line":35,"column":24},"end":{"line":35,"column":25}},{"start":{"line":35,"column":46},"end":{"line":35,"column":47}}]}},"s":{"0":1,"1":2,"2":4,"3":2},"f":{"0":2,"1":4,"2":2},"b":{"0":[2,2]}}
,"C:\\Users\\Dudu\\Desktop\\Dev\\Vue\\Vue-Boris Paskhaver\\job-search\\src\\components\\Shared\\ActionButton.vue": {"path":"C:\\Users\\Dudu\\Desktop\\Dev\\Vue\\Vue-Boris Paskhaver\\job-search\\src\\components\\Shared\\ActionButton.vue","statementMap":{"0":{"start":{"line":8,"column":15},"end":{"line":8,"column":null}},"1":{"start":{"line":20,"column":4},"end":{"line":20,"column":11}},"2":{"start":{"line":26,"column":3},"end":{"line":26,"column":10}}},"fnMap":{"0":{"name":"(anonymous_0)","decl":{"start":{"line":19,"column":3},"end":{"line":19,"column":12}},"loc":{"start":{"line":19,"column":20},"end":{"line":21,"column":null}}},"1":{"name":"(anonymous_1)","decl":{"start":{"line":25,"column":2},"end":{"line":25,"column":13}},"loc":{"start":{"line":25,"column":16},"end":{"line":29,"column":null}}}},"branchMap":{},"s":{"0":3,"1":7,"2":3},"f":{"0":7,"1":3},"b":{}}
,"C:\\Users\\Dudu\\Desktop\\Dev\\Vue\\Vue-Boris Paskhaver\\job-search\\src\\components\\Shared\\HeaderContainer.vue": {"path":"C:\\Users\\Dudu\\Desktop\\Dev\\Vue\\Vue-Boris Paskhaver\\job-search\\src\\components\\Shared\\HeaderContainer.vue","statementMap":{"0":{"start":{"line":11,"column":15},"end":{"line":11,"column":null}}},"fnMap":{},"branchMap":{},"s":{"0":1},"f":{},"b":{}}
,"C:\\Users\\Dudu\\Desktop\\Dev\\Vue\\Vue-Boris Paskhaver\\job-search\\src\\components\\Shared\\TextInput.vue": {"path":"C:\\Users\\Dudu\\Desktop\\Dev\\Vue\\Vue-Boris Paskhaver\\job-search\\src\\components\\Shared\\TextInput.vue","statementMap":{"0":{"start":{"line":12,"column":15},"end":{"line":12,"column":null}},"1":{"start":{"line":28,"column":3},"end":{"line":28,"column":8}}},"fnMap":{"0":{"name":"(anonymous_0)","decl":{"start":{"line":27,"column":2},"end":{"line":27,"column":13}},"loc":{"start":{"line":27,"column":22},"end":{"line":29,"column":null}}}},"branchMap":{},"s":{"0":1,"1":2},"f":{"0":2},"b":{}}
,"C:\\Users\\Dudu\\Desktop\\Dev\\Vue\\Vue-Boris Paskhaver\\job-search\\src\\store\\index.js": {"path":"C:\\Users\\Dudu\\Desktop\\Dev\\Vue\\Vue-Boris Paskhaver\\job-search\\src\\store\\index.js","statementMap":{"0":{"start":{"line":5,"column":26},"end":{"line":5,"column":38}},"1":{"start":{"line":6,"column":28},"end":{"line":6,"column":42}},"2":{"start":{"line":7,"column":26},"end":{"line":7,"column":38}},"3":{"start":{"line":9,"column":36},"end":{"line":9,"column":58}},"4":{"start":{"line":10,"column":42},"end":{"line":10,"column":70}},"5":{"start":{"line":11,"column":46},"end":{"line":11,"column":78}},"6":{"start":{"line":13,"column":21},"end":{"line":19,"column":1}},"7":{"start":{"line":14,"column":2},"end":{"line":18,"column":4}},"8":{"start":{"line":21,"column":25},"end":{"line":31,"column":1}},"9":{"start":{"line":23,"column":4},"end":{"line":23,"column":28}},"10":{"start":{"line":26,"column":4},"end":{"line":26,"column":22}},"11":{"start":{"line":29,"column":4},"end":{"line":29,"column":48}},"12":{"start":{"line":35,"column":23},"end":{"line":49,"column":1}},"13":{"start":{"line":37,"column":32},"end":{"line":37,"column":41}},"14":{"start":{"line":38,"column":4},"end":{"line":38,"column":75}},"15":{"start":{"line":38,"column":32},"end":{"line":38,"column":73}},"16":{"start":{"line":39,"column":4},"end":{"line":39,"column":31}},"17":{"start":{"line":42,"column":4},"end":{"line":44,"column":5}},"18":{"start":{"line":43,"column":6},"end":{"line":43,"column":24}},"19":{"start":{"line":45,"column":4},"end":{"line":47,"column":6}},"20":{"start":{"line":46,"column":15},"end":{"line":46,"column":69}},"21":{"start":{"line":51,"column":23},"end":{"line":56,"column":1}},"22":{"start":{"line":53,"column":24},"end":{"line":53,"column":39}},"23":{"start":{"line":54,"column":4},"end":{"line":54,"column":46}},"24":{"start":{"line":58,"column":14},"end":{"line":64,"column":2}},"25":{"start":{"line":66,"column":0},"end":{"line":66,"column":36}},"26":{"start":{"line":67,"column":0},"end":{"line":67,"column":27}},"27":{"start":{"line":68,"column":0},"end":{"line":68,"column":36}}},"fnMap":{"0":{"name":"(anonymous_0)","decl":{"start":{"line":13,"column":21},"end":{"line":13,"column":22}},"loc":{"start":{"line":13,"column":27},"end":{"line":19,"column":1}},"line":13},"1":{"name":"(anonymous_1)","decl":{"start":{"line":22,"column":2},"end":{"line":22,"column":3}},"loc":{"start":{"line":22,"column":22},"end":{"line":24,"column":3}},"line":22},"2":{"name":"(anonymous_2)","decl":{"start":{"line":25,"column":2},"end":{"line":25,"column":3}},"loc":{"start":{"line":25,"column":30},"end":{"line":27,"column":3}},"line":25},"3":{"name":"(anonymous_3)","decl":{"start":{"line":28,"column":2},"end":{"line":28,"column":3}},"loc":{"start":{"line":28,"column":53},"end":{"line":30,"column":3}},"line":28},"4":{"name":"(anonymous_4)","decl":{"start":{"line":36,"column":2},"end":{"line":36,"column":3}},"loc":{"start":{"line":36,"column":32},"end":{"line":40,"column":3}},"line":36},"5":{"name":"(anonymous_5)","decl":{"start":{"line":38,"column":23},"end":{"line":38,"column":24}},"loc":{"start":{"line":38,"column":32},"end":{"line":38,"column":73}},"line":38},"6":{"name":"(anonymous_6)","decl":{"start":{"line":41,"column":2},"end":{"line":41,"column":3}},"loc":{"start":{"line":41,"column":42},"end":{"line":48,"column":3}},"line":41},"7":{"name":"(anonymous_7)","decl":{"start":{"line":46,"column":6},"end":{"line":46,"column":7}},"loc":{"start":{"line":46,"column":15},"end":{"line":46,"column":69}},"line":46},"8":{"name":"(anonymous_8)","decl":{"start":{"line":52,"column":16},"end":{"line":52,"column":17}},"loc":{"start":{"line":52,"column":35},"end":{"line":55,"column":3}},"line":52}},"branchMap":{"0":{"loc":{"start":{"line":42,"column":4},"end":{"line":44,"column":5}},"type":"if","locations":[{"start":{"line":42,"column":4},"end":{"line":44,"column":5}},{"start":{},"end":{}}],"line":42}},"s":{"0":2,"1":2,"2":2,"3":2,"4":2,"5":2,"6":2,"7":2,"8":2,"9":2,"10":0,"11":0,"12":2,"13":0,"14":0,"15":0,"16":0,"17":0,"18":0,"19":0,"20":0,"21":2,"22":0,"23":0,"24":2,"25":2,"26":2,"27":2},"f":{"0":2,"1":2,"2":0,"3":0,"4":0,"5":0,"6":0,"7":0,"8":0},"b":{"0":[0,0]},"_coverageSchema":"1a1c01bbd47fc00a2c39e90264f33305004495a9","hash":"99b442b8610859e83b1dd473a0dfcff2fdbb53e0"}
,"C:\\Users\\Dudu\\Desktop\\Dev\\Vue\\Vue-Boris Paskhaver\\job-search\\src\\utils\\nextElementInList.js": {"path":"C:\\Users\\Dudu\\Desktop\\Dev\\Vue\\Vue-Boris Paskhaver\\job-search\\src\\utils\\nextElementInList.js","statementMap":{"0":{"start":{"line":1,"column":26},"end":{"line":6,"column":1}},"1":{"start":{"line":2,"column":28},"end":{"line":2,"column":47}},"2":{"start":{"line":3,"column":25},"end":{"line":3,"column":62}},"3":{"start":{"line":4,"column":20},"end":{"line":4,"column":40}},"4":{"start":{"line":5,"column":2},"end":{"line":5,"column":19}}},"fnMap":{"0":{"name":"(anonymous_0)","decl":{"start":{"line":1,"column":26},"end":{"line":1,"column":27}},"loc":{"start":{"line":1,"column":43},"end":{"line":6,"column":1}},"line":1}},"branchMap":{},"s":{"0":2,"1":5,"2":5,"3":5,"4":5},"f":{"0":5},"b":{},"_coverageSchema":"1a1c01bbd47fc00a2c39e90264f33305004495a9","hash":"2f94689587f5c8c8ac37ed1c67a76ea891d57b7f"}
}
