{"C:\\Users\\Dudu\\Desktop\\Dev\\Vue\\Vue-Boris Paskhaver\\job-search\\src\\components\\MainNav.vue": {"path":"C:\\Users\\Dudu\\Desktop\\Dev\\Vue\\Vue-Boris Paskhaver\\job-search\\src\\components\\MainNav.vue","statementMap":{"0":{"start":{"line":20,"column":15},"end":{"line":20,"column":null}},"1":{"start":{"line":23,"column":2},"end":{"line":23,"column":9}}},"fnMap":{"0":{"name":"(anonymous_0)","decl":{"start":{"line":22,"column":1},"end":{"line":22,"column":5}},"loc":{"start":{"line":22,"column":8},"end":{"line":26,"column":null}}}},"branchMap":{},"s":{"0":1,"1":1},"f":{"0":1},"b":{}}
}
