TN:
SF:src\api\getJobs.js
FN:3,(anonymous_0)
FNF:1
FNH:1
FNDA:2,(anonymous_0)
DA:3,3
DA:4,2
DA:5,2
DA:6,2
LF:4
LH:4
BRF:0
BRH:0
end_of_record
TN:
SF:src\components\JobResults\JobListing.vue
FN:73,(anonymous_0)
FNF:1
FNH:1
FNDA:5,(anonymous_0)
DA:64,2
DA:74,5
LF:2
LH:2
BRF:0
BRH:0
end_of_record
TN:
SF:src\components\Navigation\ProfileImage.vue
FN:8,(anonymous_0)
FNF:1
FNH:1
FNDA:1,(anonymous_0)
DA:6,2
DA:9,1
LF:2
LH:2
BRF:0
BRH:0
end_of_record
TN:
SF:src\components\Navigation\Subnav.vue
FN:16,(anonymous_0)
FNF:1
FNH:1
FNDA:2,(anonymous_0)
DA:13,2
DA:17,2
LF:2
LH:2
BRF:0
BRH:0
end_of_record
TN:
SF:src\components\Shared\Accordion.vue
FN:28,(anonymous_0)
FN:34,(anonymous_1)
FN:39,(anonymous_2)
FNF:3
FNH:3
FNDA:2,(anonymous_0)
FNDA:4,(anonymous_1)
FNDA:2,(anonymous_2)
DA:20,1
DA:29,2
DA:35,4
DA:40,2
LF:4
LH:4
BRDA:35,0,0,2
BRDA:35,0,1,2
BRF:2
BRH:2
end_of_record
TN:
SF:src\components\Shared\ActionButton.vue
FN:19,(anonymous_0)
FN:25,(anonymous_1)
FNF:2
FNH:2
FNDA:7,(anonymous_0)
FNDA:3,(anonymous_1)
DA:8,3
DA:20,7
DA:26,3
LF:3
LH:3
BRF:0
BRH:0
end_of_record
TN:
SF:src\components\Shared\HeaderContainer.vue
FNF:0
FNH:0
DA:11,1
LF:1
LH:1
BRF:0
BRH:0
end_of_record
TN:
SF:src\components\Shared\TextInput.vue
FN:27,(anonymous_0)
FNF:1
FNH:1
FNDA:2,(anonymous_0)
DA:12,1
DA:28,2
LF:2
LH:2
BRF:0
BRH:0
end_of_record
TN:
SF:src\store\index.js
FN:13,(anonymous_0)
FN:22,(anonymous_1)
FN:25,(anonymous_2)
FN:28,(anonymous_3)
FN:36,(anonymous_4)
FN:38,(anonymous_5)
FN:41,(anonymous_6)
FN:46,(anonymous_7)
FN:52,(anonymous_8)
FNF:9
FNH:2
FNDA:2,(anonymous_0)
FNDA:2,(anonymous_1)
FNDA:0,(anonymous_2)
FNDA:0,(anonymous_3)
FNDA:0,(anonymous_4)
FNDA:0,(anonymous_5)
FNDA:0,(anonymous_6)
FNDA:0,(anonymous_7)
FNDA:0,(anonymous_8)
DA:5,2
DA:6,2
DA:7,2
DA:9,2
DA:10,2
DA:11,2
DA:13,2
DA:14,2
DA:21,2
DA:23,2
DA:26,0
DA:29,0
DA:35,2
DA:37,0
DA:38,0
DA:39,0
DA:42,0
DA:43,0
DA:45,0
DA:46,0
DA:51,2
DA:53,0
DA:54,0
DA:58,2
DA:66,2
DA:67,2
DA:68,2
LF:27
LH:16
BRDA:42,0,0,0
BRDA:42,0,1,0
BRF:2
BRH:0
end_of_record
TN:
SF:src\utils\nextElementInList.js
FN:1,(anonymous_0)
FNF:1
FNH:1
FNDA:5,(anonymous_0)
DA:1,2
DA:2,5
DA:3,5
DA:4,5
DA:5,5
LF:5
LH:5
BRF:0
BRH:0
end_of_record
